{
  "stats": {
    "suites": 0,
    "tests": 1,
    "passes": 1,
    "pending": 0,
    "failures": 0,
    "start": "2025-05-10T16:25:46.126Z",
    "end": "2025-05-10T16:25:55.995Z",
    "duration": 9869,
    "testsRegistered": 1,
    "passPercent": 100,
    "pendingPercent": 0,
    "other": 0,
    "hasOther": false,
    "skipped": 0,
    "hasSkipped": false
  },
  "results": [
    {
      "uuid": "7e296b00-15bf-4849-9cf9-6284c9269cdd",
      "title": "",
      "fullFile": "cypress\\e2e\\Login\\login.cy.js",
      "file": "cypress\\e2e\\Login\\login.cy.js",
      "beforeHooks": [],
      "afterHooks": [],
      "tests": [
        {
          "title": "login test",
          "fullTitle": "login test",
          "timedOut": null,
          "duration": 5982,
          "state": "passed",
          "speed": "medium",
          "pass": true,
          "fail": false,
          "pending": false,
          "context": null,
          "code": "loginpage.Navigate();\nloginpage.EnterUsername();\nloginpage.EnterPassword();\nloginpage.ClickLoginButton();",
          "err": {},
          "uuid": "7f3713c5-6c80-460a-8ea4-62ec10a10586",
          "parentUUID": "7e296b00-15bf-4849-9cf9-6284c9269cdd",
          "isHook": false,
          "skipped": false
        }
      ],
      "suites": [],
      "passes": [
        "7f3713c5-6c80-460a-8ea4-62ec10a10586"
      ],
      "failures": [],
      "pending": [],
      "skipped": [],
      "duration": 5982,
      "root": true,
      "rootEmpty": false,
      "_timeout": 2000
    }
  ],
  "meta": {
    "mocha": {
      "version": "7.2.0"
    },
    "mochawesome": {
      "options": {
        "quiet": false,
        "reportFilename": "mochawesome",
        "saveHtml": false,
        "saveJson": true,
        "consoleReporter": "spec",
        "useInlineDiffs": false,
        "code": true
      },
      "version": "7.1.3"
    },
    "marge": {
      "options": {
        "charts": true,
        "overwrite": false,
        "html": false,
        "json": true,
        "reportDir": "cypress/reports/"
      },
      "version": "6.2.0"
    }
  }
}