{
  "stats": {
    "suites": 0,
    "tests": 1,
    "passes": 1,
    "pending": 0,
    "failures": 0,
    "start": "2025-05-10T16:30:56.992Z",
    "end": "2025-05-10T16:31:09.492Z",
    "duration": 12500,
    "testsRegistered": 1,
    "passPercent": 100,
    "pendingPercent": 0,
    "other": 0,
    "hasOther": false,
    "skipped": 0,
    "hasSkipped": false
  },
  "results": [
    {
      "uuid": "01dd0554-d94e-4948-9521-7e22ac95663b",
      "title": "",
      "fullFile": "cypress\\e2e\\Login\\login.cy.js",
      "file": "cypress\\e2e\\Login\\login.cy.js",
      "beforeHooks": [],
      "afterHooks": [],
      "tests": [
        {
          "title": "login test",
          "fullTitle": "login test",
          "timedOut": null,
          "duration": 8367,
          "state": "passed",
          "speed": "medium",
          "pass": true,
          "fail": false,
          "pending": false,
          "context": null,
          "code": "loginpage.Navigate();\nloginpage.EnterUsername();\nloginpage.EnterPassword();\nloginpage.ClickLoginButton();",
          "err": {},
          "uuid": "bd99b1c2-5d63-4812-8884-0a90eb207e2e",
          "parentUUID": "01dd0554-d94e-4948-9521-7e22ac95663b",
          "isHook": false,
          "skipped": false
        }
      ],
      "suites": [],
      "passes": [
        "bd99b1c2-5d63-4812-8884-0a90eb207e2e"
      ],
      "failures": [],
      "pending": [],
      "skipped": [],
      "duration": 8367,
      "root": true,
      "rootEmpty": false,
      "_timeout": 2000
    }
  ],
  "meta": {
    "mocha": {
      "version": "7.2.0"
    },
    "mochawesome": {
      "options": {
        "quiet": false,
        "reportFilename": "mochawesome",
        "saveHtml": false,
        "saveJson": true,
        "consoleReporter": "spec",
        "useInlineDiffs": false,
        "code": true
      },
      "version": "7.1.3"
    },
    "marge": {
      "options": {
        "charts": true,
        "overwrite": false,
        "html": false,
        "json": true,
        "reportDir": "cypress/reports/"
      },
      "version": "6.2.0"
    }
  }
}