{
  "stats": {
    "suites": 0,
    "tests": 1,
    "passes": 1,
    "pending": 0,
    "failures": 0,
    "start": "2025-05-10T15:19:04.469Z",
    "end": "2025-05-10T15:19:28.809Z",
    "duration": 24340,
    "testsRegistered": 1,
    "passPercent": 100,
    "pendingPercent": 0,
    "other": 0,
    "hasOther": false,
    "skipped": 0,
    "hasSkipped": false
  },
  "results": [
    {
      "uuid": "80b0065c-e853-4a24-843b-7ed47f793b18",
      "title": "",
      "fullFile": "cypress\\e2e\\Login\\login.cy.js",
      "file": "cypress\\e2e\\Login\\login.cy.js",
      "beforeHooks": [],
      "afterHooks": [],
      "tests": [
        {
          "title": "login test",
          "fullTitle": "login test",
          "timedOut": null,
          "duration": 19321,
          "state": "passed",
          "speed": "slow",
          "pass": true,
          "fail": false,
          "pending": false,
          "context": null,
          "code": "loginpage.Navigate();\nloginpage.EnterUsername();\nloginpage.EnterPassword();\nloginpage.ClickLoginButton();",
          "err": {},
          "uuid": "a2542835-c75b-4901-9391-247ab701b8f4",
          "parentUUID": "80b0065c-e853-4a24-843b-7ed47f793b18",
          "isHook": false,
          "skipped": false
        }
      ],
      "suites": [],
      "passes": [
        "a2542835-c75b-4901-9391-247ab701b8f4"
      ],
      "failures": [],
      "pending": [],
      "skipped": [],
      "duration": 19321,
      "root": true,
      "rootEmpty": false,
      "_timeout": 2000
    }
  ],
  "meta": {
    "mocha": {
      "version": "7.2.0"
    },
    "mochawesome": {
      "options": {
        "quiet": false,
        "reportFilename": "mochawesome",
        "saveHtml": false,
        "saveJson": true,
        "consoleReporter": "spec",
        "useInlineDiffs": false,
        "code": true
      },
      "version": "7.1.3"
    },
    "marge": {
      "options": {
        "reportDir": "cypress\\reports\\.jsons",
        "charts": true,
        "reportPageTitle": "Cypress Test Report",
        "embeddedScreenshots": true,
        "inlineAssets": true,
        "overwrite": false,
        "html": false,
        "json": true
      },
      "version": "6.2.0"
    }
  }
}